<?xml version="1.0" encoding="UTF-8"?>
<testng-results ignored="0" total="2" passed="2" failed="0" skipped="0">
  <reporter-output>
  </reporter-output>
  <suite started-at="2024-01-18T18:09:58 IST" name="Suite" finished-at="2024-01-18T18:10:11 IST" duration-ms="12961">
    <groups>
    </groups>
    <test started-at="2024-01-18T18:09:58 IST" name="Test" finished-at="2024-01-18T18:10:11 IST" duration-ms="12961">
      <class name="generic.parallel_test">
        <test-method signature="logotest()[pri:0, instance:generic.parallel_test@66f57048]" started-at="2024-01-18T18:09:58 IST" name="logotest" finished-at="2024-01-18T18:10:02 IST" duration-ms="4502" status="PASS">
          <reporter-output>
          </reporter-output>
        </test-method> <!-- logotest -->
        <test-method is-config="true" signature="teardown()[pri:0, instance:generic.parallel_test@66f57048]" started-at="2024-01-18T18:10:02 IST" name="teardown" finished-at="2024-01-18T18:10:02 IST" duration-ms="131" status="PASS">
          <reporter-output>
          </reporter-output>
        </test-method> <!-- teardown -->
        <test-method signature="homepagetitle()[pri:1, instance:generic.parallel_test@66f57048]" started-at="2024-01-18T18:10:02 IST" name="homepagetitle" finished-at="2024-01-18T18:10:10 IST" duration-ms="8129" status="PASS">
          <reporter-output>
          </reporter-output>
        </test-method> <!-- homepagetitle -->
        <test-method is-config="true" signature="teardown()[pri:0, instance:generic.parallel_test@66f57048]" started-at="2024-01-18T18:10:10 IST" name="teardown" finished-at="2024-01-18T18:10:11 IST" duration-ms="144" status="PASS">
          <reporter-output>
          </reporter-output>
        </test-method> <!-- teardown -->
      </class> <!-- generic.parallel_test -->
    </test> <!-- Test -->
  </suite> <!-- Suite -->
</testng-results>
